The target system is: Android - 1 - aarch64
The host system is: Linux - 5.11.0-43-generic - x86_64
Detecting C compiler ABI info compiled with the following output:
Change Dir: /home/xing/docs/spirosch/app/.cxx/cmake/debug/arm64-v8a/CMakeFiles/CMakeTmp

Run Build Command(s):/home/xing/Android/Sdk/cmake/3.18.1/bin/ninja cmTC_cc6b0 && [1/2] Building C object CMakeFiles/cmTC_cc6b0.dir/CMakeCCompilerABI.c.o
Android (7155654, based on r399163b1) clang version 11.0.5 (https://android.googlesource.com/toolchain/llvm-project 87f1315dfbea7c137aa2e6d362dbb457e388158d)
Target: aarch64-none-linux-android21
Thread model: posix
InstalledDir: /home/xing/Android/Sdk/ndk/22.1.7171670/toolchains/llvm/prebuilt/linux-x86_64/bin
Found candidate GCC installation: /home/xing/Android/Sdk/ndk/22.1.7171670/toolchains/llvm/prebuilt/linux-x86_64/lib/gcc/aarch64-linux-android/4.9.x
Selected GCC installation: /home/xing/Android/Sdk/ndk/22.1.7171670/toolchains/llvm/prebuilt/linux-x86_64/lib/gcc/aarch64-linux-android/4.9.x
Candidate multilib: .;@m64
Selected multilib: .;@m64
 (in-process)
 "/home/xing/Android/Sdk/ndk/22.1.7171670/toolchains/llvm/prebuilt/linux-x86_64/bin/clang" -cc1 -triple aarch64-none-linux-android21 -emit-obj -mrelax-all -mnoexecstack -disable-free -disable-llvm-verifier -discard-value-names -main-file-name CMakeCCompilerABI.c -mrelocation-model pic -pic-level 2 -pic-is-pie -mframe-pointer=non-leaf -fno-rounding-math -mconstructor-aliases -munwind-tables -target-cpu generic -target-feature +neon -target-abi aapcs -mllvm -aarch64-fix-cortex-a53-835769=1 -fallow-half-arguments-and-returns -fno-split-dwarf-inlining -debug-info-kind=limited -dwarf-version=4 -debugger-tuning=gdb -v -ffunction-sections -fdata-sections -resource-dir /home/xing/Android/Sdk/ndk/22.1.7171670/toolchains/llvm/prebuilt/linux-x86_64/lib64/clang/11.0.5 -dependency-file CMakeFiles/cmTC_cc6b0.dir/CMakeCCompilerABI.c.o.d -MT CMakeFiles/cmTC_cc6b0.dir/CMakeCCompilerABI.c.o -sys-header-deps -D ANDROID -D _FORTIFY_SOURCE=2 -isysroot /home/xing/Android/Sdk/ndk/22.1.7171670/toolchains/llvm/prebuilt/linux-x86_64/sysroot -internal-isystem /home/xing/Android/Sdk/ndk/22.1.7171670/toolchains/llvm/prebuilt/linux-x86_64/sysroot/usr/local/include -internal-isystem /home/xing/Android/Sdk/ndk/22.1.7171670/toolchains/llvm/prebuilt/linux-x86_64/lib64/clang/11.0.5/include -internal-externc-isystem /home/xing/Android/Sdk/ndk/22.1.7171670/toolchains/llvm/prebuilt/linux-x86_64/sysroot/usr/include/aarch64-linux-android -internal-externc-isystem /home/xing/Android/Sdk/ndk/22.1.7171670/toolchains/llvm/prebuilt/linux-x86_64/sysroot/include -internal-externc-isystem /home/xing/Android/Sdk/ndk/22.1.7171670/toolchains/llvm/prebuilt/linux-x86_64/sysroot/usr/include -Wformat -fdebug-compilation-dir /home/xing/docs/spirosch/app/.cxx/cmake/debug/arm64-v8a/CMakeFiles/CMakeTmp -ferror-limit 19 -stack-protector 2 -fno-signed-char -fgnuc-version=4.2.1 -o CMakeFiles/cmTC_cc6b0.dir/CMakeCCompilerABI.c.o -x c /home/xing/Android/Sdk/cmake/3.18.1/share/cmake-3.18/Modules/CMakeCCompilerABI.c
clang -cc1 version 11.0.5 based upon LLVM 11.0.5git default target x86_64-unknown-linux-gnu
ignoring nonexistent directory "/home/xing/Android/Sdk/ndk/22.1.7171670/toolchains/llvm/prebuilt/linux-x86_64/sysroot/include"
#include "..." search starts here:
#include <...> search starts here:
 /home/xing/Android/Sdk/ndk/22.1.7171670/toolchains/llvm/prebuilt/linux-x86_64/sysroot/usr/local/include
 /home/xing/Android/Sdk/ndk/22.1.7171670/toolchains/llvm/prebuilt/linux-x86_64/lib64/clang/11.0.5/include
 /home/xing/Android/Sdk/ndk/22.1.7171670/toolchains/llvm/prebuilt/linux-x86_64/sysroot/usr/include/aarch64-linux-android
 /home/xing/Android/Sdk/ndk/22.1.7171670/toolchains/llvm/prebuilt/linux-x86_64/sysroot/usr/include
End of search list.
[2/2] Linking C executable cmTC_cc6b0
Android (7155654, based on r399163b1) clang version 11.0.5 (https://android.googlesource.com/toolchain/llvm-project 87f1315dfbea7c137aa2e6d362dbb457e388158d)
Target: aarch64-none-linux-android21
Thread model: posix
InstalledDir: /home/xing/Android/Sdk/ndk/22.1.7171670/toolchains/llvm/prebuilt/linux-x86_64/bin
Found candidate GCC installation: /home/xing/Android/Sdk/ndk/22.1.7171670/toolchains/llvm/prebuilt/linux-x86_64/lib/gcc/aarch64-linux-android/4.9.x
Selected GCC installation: /home/xing/Android/Sdk/ndk/22.1.7171670/toolchains/llvm/prebuilt/linux-x86_64/lib/gcc/aarch64-linux-android/4.9.x
Candidate multilib: .;@m64
Selected multilib: .;@m64
 "/home/xing/Android/Sdk/ndk/22.1.7171670/toolchains/llvm/prebuilt/linux-x86_64/bin/ld" --sysroot=/home/xing/Android/Sdk/ndk/22.1.7171670/toolchains/llvm/prebuilt/linux-x86_64/sysroot -pie -z noexecstack -EL --fix-cortex-a53-843419 --warn-shared-textrel -z now -z relro -z max-page-size=4096 --hash-style=gnu --hash-style=both --enable-new-dtags --eh-frame-hdr -m aarch64linux -dynamic-linker /system/bin/linker64 -o cmTC_cc6b0 /home/xing/Android/Sdk/ndk/22.1.7171670/toolchains/llvm/prebuilt/linux-x86_64/sysroot/usr/lib/aarch64-linux-android/21/crtbegin_dynamic.o -L/home/xing/Android/Sdk/ndk/22.1.7171670/toolchains/llvm/prebuilt/linux-x86_64/lib64/clang/11.0.5/lib/linux/aarch64 -L/home/xing/Android/Sdk/ndk/22.1.7171670/toolchains/llvm/prebuilt/linux-x86_64/lib/gcc/aarch64-linux-android/4.9.x -L/home/xing/Android/Sdk/ndk/22.1.7171670/toolchains/llvm/prebuilt/linux-x86_64/lib/gcc/aarch64-linux-android/4.9.x/../../../../aarch64-linux-android/lib/../lib64 -L/home/xing/Android/Sdk/ndk/22.1.7171670/toolchains/llvm/prebuilt/linux-x86_64/sysroot/usr/lib/aarch64-linux-android/21 -L/home/xing/Android/Sdk/ndk/22.1.7171670/toolchains/llvm/prebuilt/linux-x86_64/sysroot/usr/lib/aarch64-linux-android -L/home/xing/Android/Sdk/ndk/22.1.7171670/toolchains/llvm/prebuilt/linux-x86_64/lib/gcc/aarch64-linux-android/4.9.x/../../../../aarch64-linux-android/lib -L/home/xing/Android/Sdk/ndk/22.1.7171670/toolchains/llvm/prebuilt/linux-x86_64/sysroot/usr/lib --exclude-libs libgcc.a --exclude-libs libgcc_real.a --exclude-libs libatomic.a --build-id=sha1 --no-rosegment --fatal-warnings --no-undefined --gc-sections CMakeFiles/cmTC_cc6b0.dir/CMakeCCompilerABI.c.o -lgcc -ldl -lc -lgcc -ldl /home/xing/Android/Sdk/ndk/22.1.7171670/toolchains/llvm/prebuilt/linux-x86_64/sysroot/usr/lib/aarch64-linux-android/21/crtend_android.o



Parsed C implicit include dir info from above output: rv=done
  found start of include info
  found start of implicit include info
    add: [/home/xing/Android/Sdk/ndk/22.1.7171670/toolchains/llvm/prebuilt/linux-x86_64/sysroot/usr/local/include]
    add: [/home/xing/Android/Sdk/ndk/22.1.7171670/toolchains/llvm/prebuilt/linux-x86_64/lib64/clang/11.0.5/include]
    add: [/home/xing/Android/Sdk/ndk/22.1.7171670/toolchains/llvm/prebuilt/linux-x86_64/sysroot/usr/include/aarch64-linux-android]
    add: [/home/xing/Android/Sdk/ndk/22.1.7171670/toolchains/llvm/prebuilt/linux-x86_64/sysroot/usr/include]
  end of search list found
  collapse include dir [/home/xing/Android/Sdk/ndk/22.1.7171670/toolchains/llvm/prebuilt/linux-x86_64/sysroot/usr/local/include] ==> [/home/xing/Android/Sdk/ndk/22.1.7171670/toolchains/llvm/prebuilt/linux-x86_64/sysroot/usr/local/include]
  collapse include dir [/home/xing/Android/Sdk/ndk/22.1.7171670/toolchains/llvm/prebuilt/linux-x86_64/lib64/clang/11.0.5/include] ==> [/home/xing/Android/Sdk/ndk/22.1.7171670/toolchains/llvm/prebuilt/linux-x86_64/lib64/clang/11.0.5/include]
  collapse include dir [/home/xing/Android/Sdk/ndk/22.1.7171670/toolchains/llvm/prebuilt/linux-x86_64/sysroot/usr/include/aarch64-linux-android] ==> [/home/xing/Android/Sdk/ndk/22.1.7171670/toolchains/llvm/prebuilt/linux-x86_64/sysroot/usr/include/aarch64-linux-android]
  collapse include dir [/home/xing/Android/Sdk/ndk/22.1.7171670/toolchains/llvm/prebuilt/linux-x86_64/sysroot/usr/include] ==> [/home/xing/Android/Sdk/ndk/22.1.7171670/toolchains/llvm/prebuilt/linux-x86_64/sysroot/usr/include]
  implicit include dirs: [/home/xing/Android/Sdk/ndk/22.1.7171670/toolchains/llvm/prebuilt/linux-x86_64/sysroot/usr/local/include;/home/xing/Android/Sdk/ndk/22.1.7171670/toolchains/llvm/prebuilt/linux-x86_64/lib64/clang/11.0.5/include;/home/xing/Android/Sdk/ndk/22.1.7171670/toolchains/llvm/prebuilt/linux-x86_64/sysroot/usr/include/aarch64-linux-android;/home/xing/Android/Sdk/ndk/22.1.7171670/toolchains/llvm/prebuilt/linux-x86_64/sysroot/usr/include]


Parsed C implicit link information from above output:
  link line regex: [^( *|.*[/\])(ld\.lld|CMAKE_LINK_STARTFILE-NOTFOUND|([^/\]+-)?ld|collect2)[^/\]*( |$)]
  ignore line: [Change Dir: /home/xing/docs/spirosch/app/.cxx/cmake/debug/arm64-v8a/CMakeFiles/CMakeTmp]
  ignore line: []
  ignore line: [Run Build Command(s):/home/xing/Android/Sdk/cmake/3.18.1/bin/ninja cmTC_cc6b0 && [1/2] Building C object CMakeFiles/cmTC_cc6b0.dir/CMakeCCompilerABI.c.o]
  ignore line: [Android (7155654  based on r399163b1) clang version 11.0.5 (https://android.googlesource.com/toolchain/llvm-project 87f1315dfbea7c137aa2e6d362dbb457e388158d)]
  ignore line: [Target: aarch64-none-linux-android21]
  ignore line: [Thread model: posix]
  ignore line: [InstalledDir: /home/xing/Android/Sdk/ndk/22.1.7171670/toolchains/llvm/prebuilt/linux-x86_64/bin]
  ignore line: [Found candidate GCC installation: /home/xing/Android/Sdk/ndk/22.1.7171670/toolchains/llvm/prebuilt/linux-x86_64/lib/gcc/aarch64-linux-android/4.9.x]
  ignore line: [Selected GCC installation: /home/xing/Android/Sdk/ndk/22.1.7171670/toolchains/llvm/prebuilt/linux-x86_64/lib/gcc/aarch64-linux-android/4.9.x]
  ignore line: [Candidate multilib: .]
  ignore line: [@m64]
  ignore line: [Selected multilib: .]
  ignore line: [@m64]
  ignore line: [ (in-process)]
  ignore line: [ "/home/xing/Android/Sdk/ndk/22.1.7171670/toolchains/llvm/prebuilt/linux-x86_64/bin/clang" -cc1 -triple aarch64-none-linux-android21 -emit-obj -mrelax-all -mnoexecstack -disable-free -disable-llvm-verifier -discard-value-names -main-file-name CMakeCCompilerABI.c -mrelocation-model pic -pic-level 2 -pic-is-pie -mframe-pointer=non-leaf -fno-rounding-math -mconstructor-aliases -munwind-tables -target-cpu generic -target-feature +neon -target-abi aapcs -mllvm -aarch64-fix-cortex-a53-835769=1 -fallow-half-arguments-and-returns -fno-split-dwarf-inlining -debug-info-kind=limited -dwarf-version=4 -debugger-tuning=gdb -v -ffunction-sections -fdata-sections -resource-dir /home/xing/Android/Sdk/ndk/22.1.7171670/toolchains/llvm/prebuilt/linux-x86_64/lib64/clang/11.0.5 -dependency-file CMakeFiles/cmTC_cc6b0.dir/CMakeCCompilerABI.c.o.d -MT CMakeFiles/cmTC_cc6b0.dir/CMakeCCompilerABI.c.o -sys-header-deps -D ANDROID -D _FORTIFY_SOURCE=2 -isysroot /home/xing/Android/Sdk/ndk/22.1.7171670/toolchains/llvm/prebuilt/linux-x86_64/sysroot -internal-isystem /home/xing/Android/Sdk/ndk/22.1.7171670/toolchains/llvm/prebuilt/linux-x86_64/sysroot/usr/local/include -internal-isystem /home/xing/Android/Sdk/ndk/22.1.7171670/toolchains/llvm/prebuilt/linux-x86_64/lib64/clang/11.0.5/include -internal-externc-isystem /home/xing/Android/Sdk/ndk/22.1.7171670/toolchains/llvm/prebuilt/linux-x86_64/sysroot/usr/include/aarch64-linux-android -internal-externc-isystem /home/xing/Android/Sdk/ndk/22.1.7171670/toolchains/llvm/prebuilt/linux-x86_64/sysroot/include -internal-externc-isystem /home/xing/Android/Sdk/ndk/22.1.7171670/toolchains/llvm/prebuilt/linux-x86_64/sysroot/usr/include -Wformat -fdebug-compilation-dir /home/xing/docs/spirosch/app/.cxx/cmake/debug/arm64-v8a/CMakeFiles/CMakeTmp -ferror-limit 19 -stack-protector 2 -fno-signed-char -fgnuc-version=4.2.1 -o CMakeFiles/cmTC_cc6b0.dir/CMakeCCompilerABI.c.o -x c /home/xing/Android/Sdk/cmake/3.18.1/share/cmake-3.18/Modules/CMakeCCompilerABI.c]
  ignore line: [clang -cc1 version 11.0.5 based upon LLVM 11.0.5git default target x86_64-unknown-linux-gnu]
  ignore line: [ignoring nonexistent directory "/home/xing/Android/Sdk/ndk/22.1.7171670/toolchains/llvm/prebuilt/linux-x86_64/sysroot/include"]
  ignore line: [#include "..." search starts here:]
  ignore line: [#include <...> search starts here:]
  ignore line: [ /home/xing/Android/Sdk/ndk/22.1.7171670/toolchains/llvm/prebuilt/linux-x86_64/sysroot/usr/local/include]
  ignore line: [ /home/xing/Android/Sdk/ndk/22.1.7171670/toolchains/llvm/prebuilt/linux-x86_64/lib64/clang/11.0.5/include]
  ignore line: [ /home/xing/Android/Sdk/ndk/22.1.7171670/toolchains/llvm/prebuilt/linux-x86_64/sysroot/usr/include/aarch64-linux-android]
  ignore line: [ /home/xing/Android/Sdk/ndk/22.1.7171670/toolchains/llvm/prebuilt/linux-x86_64/sysroot/usr/include]
  ignore line: [End of search list.]
  ignore line: [[2/2] Linking C executable cmTC_cc6b0]
  ignore line: [Android (7155654  based on r399163b1) clang version 11.0.5 (https://android.googlesource.com/toolchain/llvm-project 87f1315dfbea7c137aa2e6d362dbb457e388158d)]
  ignore line: [Target: aarch64-none-linux-android21]
  ignore line: [Thread model: posix]
  ignore line: [InstalledDir: /home/xing/Android/Sdk/ndk/22.1.7171670/toolchains/llvm/prebuilt/linux-x86_64/bin]
  ignore line: [Found candidate GCC installation: /home/xing/Android/Sdk/ndk/22.1.7171670/toolchains/llvm/prebuilt/linux-x86_64/lib/gcc/aarch64-linux-android/4.9.x]
  ignore line: [Selected GCC installation: /home/xing/Android/Sdk/ndk/22.1.7171670/toolchains/llvm/prebuilt/linux-x86_64/lib/gcc/aarch64-linux-android/4.9.x]
  ignore line: [Candidate multilib: .]
  ignore line: [@m64]
  ignore line: [Selected multilib: .]
  ignore line: [@m64]
  link line: [ "/home/xing/Android/Sdk/ndk/22.1.7171670/toolchains/llvm/prebuilt/linux-x86_64/bin/ld" --sysroot=/home/xing/Android/Sdk/ndk/22.1.7171670/toolchains/llvm/prebuilt/linux-x86_64/sysroot -pie -z noexecstack -EL --fix-cortex-a53-843419 --warn-shared-textrel -z now -z relro -z max-page-size=4096 --hash-style=gnu --hash-style=both --enable-new-dtags --eh-frame-hdr -m aarch64linux -dynamic-linker /system/bin/linker64 -o cmTC_cc6b0 /home/xing/Android/Sdk/ndk/22.1.7171670/toolchains/llvm/prebuilt/linux-x86_64/sysroot/usr/lib/aarch64-linux-android/21/crtbegin_dynamic.o -L/home/xing/Android/Sdk/ndk/22.1.7171670/toolchains/llvm/prebuilt/linux-x86_64/lib64/clang/11.0.5/lib/linux/aarch64 -L/home/xing/Android/Sdk/ndk/22.1.7171670/toolchains/llvm/prebuilt/linux-x86_64/lib/gcc/aarch64-linux-android/4.9.x -L/home/xing/Android/Sdk/ndk/22.1.7171670/toolchains/llvm/prebuilt/linux-x86_64/lib/gcc/aarch64-linux-android/4.9.x/../../../../aarch64-linux-android/lib/../lib64 -L/home/xing/Android/Sdk/ndk/22.1.7171670/toolchains/llvm/prebuilt/linux-x86_64/sysroot/usr/lib/aarch64-linux-android/21 -L/home/xing/Android/Sdk/ndk/22.1.7171670/toolchains/llvm/prebuilt/linux-x86_64/sysroot/usr/lib/aarch64-linux-android -L/home/xing/Android/Sdk/ndk/22.1.7171670/toolchains/llvm/prebuilt/linux-x86_64/lib/gcc/aarch64-linux-android/4.9.x/../../../../aarch64-linux-android/lib -L/home/xing/Android/Sdk/ndk/22.1.7171670/toolchains/llvm/prebuilt/linux-x86_64/sysroot/usr/lib --exclude-libs libgcc.a --exclude-libs libgcc_real.a --exclude-libs libatomic.a --build-id=sha1 --no-rosegment --fatal-warnings --no-undefined --gc-sections CMakeFiles/cmTC_cc6b0.dir/CMakeCCompilerABI.c.o -lgcc -ldl -lc -lgcc -ldl /home/xing/Android/Sdk/ndk/22.1.7171670/toolchains/llvm/prebuilt/linux-x86_64/sysroot/usr/lib/aarch64-linux-android/21/crtend_android.o]
    arg [/home/xing/Android/Sdk/ndk/22.1.7171670/toolchains/llvm/prebuilt/linux-x86_64/bin/ld] ==> ignore
    arg [--sysroot=/home/xing/Android/Sdk/ndk/22.1.7171670/toolchains/llvm/prebuilt/linux-x86_64/sysroot] ==> ignore
    arg [-pie] ==> ignore
    arg [-znoexecstack] ==> ignore
    arg [-EL] ==> ignore
    arg [--fix-cortex-a53-843419] ==> ignore
    arg [--warn-shared-textrel] ==> ignore
    arg [-znow] ==> ignore
    arg [-zrelro] ==> ignore
    arg [-zmax-page-size=4096] ==> ignore
    arg [--hash-style=gnu] ==> ignore
    arg [--hash-style=both] ==> ignore
    arg [--enable-new-dtags] ==> ignore
    arg [--eh-frame-hdr] ==> ignore
    arg [-m] ==> ignore
    arg [aarch64linux] ==> ignore
    arg [-dynamic-linker] ==> ignore
    arg [/system/bin/linker64] ==> ignore
    arg [-o] ==> ignore
    arg [cmTC_cc6b0] ==> ignore
    arg [/home/xing/Android/Sdk/ndk/22.1.7171670/toolchains/llvm/prebuilt/linux-x86_64/sysroot/usr/lib/aarch64-linux-android/21/crtbegin_dynamic.o] ==> ignore
    arg [-L/home/xing/Android/Sdk/ndk/22.1.7171670/toolchains/llvm/prebuilt/linux-x86_64/lib64/clang/11.0.5/lib/linux/aarch64] ==> dir [/home/xing/Android/Sdk/ndk/22.1.7171670/toolchains/llvm/prebuilt/linux-x86_64/lib64/clang/11.0.5/lib/linux/aarch64]
    arg [-L/home/xing/Android/Sdk/ndk/22.1.7171670/toolchains/llvm/prebuilt/linux-x86_64/lib/gcc/aarch64-linux-android/4.9.x] ==> dir [/home/xing/Android/Sdk/ndk/22.1.7171670/toolchains/llvm/prebuilt/linux-x86_64/lib/gcc/aarch64-linux-android/4.9.x]
    arg [-L/home/xing/Android/Sdk/ndk/22.1.7171670/toolchains/llvm/prebuilt/linux-x86_64/lib/gcc/aarch64-linux-android/4.9.x/../../../../aarch64-linux-android/lib/../lib64] ==> dir [/home/xing/Android/Sdk/ndk/22.1.7171670/toolchains/llvm/prebuilt/linux-x86_64/lib/gcc/aarch64-linux-android/4.9.x/../../../../aarch64-linux-android/lib/../lib64]
    arg [-L/home/xing/Android/Sdk/ndk/22.1.7171670/toolchains/llvm/prebuilt/linux-x86_64/sysroot/usr/lib/aarch64-linux-android/21] ==> dir [/home/xing/Android/Sdk/ndk/22.1.7171670/toolchains/llvm/prebuilt/linux-x86_64/sysroot/usr/lib/aarch64-linux-android/21]
    arg [-L/home/xing/Android/Sdk/ndk/22.1.7171670/toolchains/llvm/prebuilt/linux-x86_64/sysroot/usr/lib/aarch64-linux-android] ==> dir [/home/xing/Android/Sdk/ndk/22.1.7171670/toolchains/llvm/prebuilt/linux-x86_64/sysroot/usr/lib/aarch64-linux-android]
    arg [-L/home/xing/Android/Sdk/ndk/22.1.7171670/toolchains/llvm/prebuilt/linux-x86_64/lib/gcc/aarch64-linux-android/4.9.x/../../../../aarch64-linux-android/lib] ==> dir [/home/xing/Android/Sdk/ndk/22.1.7171670/toolchains/llvm/prebuilt/linux-x86_64/lib/gcc/aarch64-linux-android/4.9.x/../../../../aarch64-linux-android/lib]
    arg [-L/home/xing/Android/Sdk/ndk/22.1.7171670/toolchains/llvm/prebuilt/linux-x86_64/sysroot/usr/lib] ==> dir [/home/xing/Android/Sdk/ndk/22.1.7171670/toolchains/llvm/prebuilt/linux-x86_64/sysroot/usr/lib]
    arg [--exclude-libs] ==> ignore
    arg [libgcc.a] ==> ignore
    arg [--exclude-libs] ==> ignore
    arg [libgcc_real.a] ==> ignore
    arg [--exclude-libs] ==> ignore
    arg [libatomic.a] ==> ignore
    arg [--build-id=sha1] ==> ignore
    arg [--no-rosegment] ==> ignore
    arg [--fatal-warnings] ==> ignore
    arg [--no-undefined] ==> ignore
    arg [--gc-sections] ==> ignore
    arg [CMakeFiles/cmTC_cc6b0.dir/CMakeCCompilerABI.c.o] ==> ignore
    arg [-lgcc] ==> lib [gcc]
    arg [-ldl] ==> lib [dl]
    arg [-lc] ==> lib [c]
    arg [-lgcc] ==> lib [gcc]
    arg [-ldl] ==> lib [dl]
    arg [/home/xing/Android/Sdk/ndk/22.1.7171670/toolchains/llvm/prebuilt/linux-x86_64/sysroot/usr/lib/aarch64-linux-android/21/crtend_android.o] ==> ignore
  collapse library dir [/home/xing/Android/Sdk/ndk/22.1.7171670/toolchains/llvm/prebuilt/linux-x86_64/lib64/clang/11.0.5/lib/linux/aarch64] ==> [/home/xing/Android/Sdk/ndk/22.1.7171670/toolchains/llvm/prebuilt/linux-x86_64/lib64/clang/11.0.5/lib/linux/aarch64]
  collapse library dir [/home/xing/Android/Sdk/ndk/22.1.7171670/toolchains/llvm/prebuilt/linux-x86_64/lib/gcc/aarch64-linux-android/4.9.x] ==> [/home/xing/Android/Sdk/ndk/22.1.7171670/toolchains/llvm/prebuilt/linux-x86_64/lib/gcc/aarch64-linux-android/4.9.x]
  collapse library dir [/home/xing/Android/Sdk/ndk/22.1.7171670/toolchains/llvm/prebuilt/linux-x86_64/lib/gcc/aarch64-linux-android/4.9.x/../../../../aarch64-linux-android/lib/../lib64] ==> [/home/xing/Android/Sdk/ndk/22.1.7171670/toolchains/llvm/prebuilt/linux-x86_64/aarch64-linux-android/lib64]
  collapse library dir [/home/xing/Android/Sdk/ndk/22.1.7171670/toolchains/llvm/prebuilt/linux-x86_64/sysroot/usr/lib/aarch64-linux-android/21] ==> [/home/xing/Android/Sdk/ndk/22.1.7171670/toolchains/llvm/prebuilt/linux-x86_64/sysroot/usr/lib/aarch64-linux-android/21]
  collapse library dir [/home/xing/Android/Sdk/ndk/22.1.7171670/toolchains/llvm/prebuilt/linux-x86_64/sysroot/usr/lib/aarch64-linux-android] ==> [/home/xing/Android/Sdk/ndk/22.1.7171670/toolchains/llvm/prebuilt/linux-x86_64/sysroot/usr/lib/aarch64-linux-android]
  collapse library dir [/home/xing/Android/Sdk/ndk/22.1.7171670/toolchains/llvm/prebuilt/linux-x86_64/lib/gcc/aarch64-linux-android/4.9.x/../../../../aarch64-linux-android/lib] ==> [/home/xing/Android/Sdk/ndk/22.1.7171670/toolchains/llvm/prebuilt/linux-x86_64/aarch64-linux-android/lib]
  collapse library dir [/home/xing/Android/Sdk/ndk/22.1.7171670/toolchains/llvm/prebuilt/linux-x86_64/sysroot/usr/lib] ==> [/home/xing/Android/Sdk/ndk/22.1.7171670/toolchains/llvm/prebuilt/linux-x86_64/sysroot/usr/lib]
  implicit libs: [gcc;dl;c;gcc;dl]
  implicit dirs: [/home/xing/Android/Sdk/ndk/22.1.7171670/toolchains/llvm/prebuilt/linux-x86_64/lib64/clang/11.0.5/lib/linux/aarch64;/home/xing/Android/Sdk/ndk/22.1.7171670/toolchains/llvm/prebuilt/linux-x86_64/lib/gcc/aarch64-linux-android/4.9.x;/home/xing/Android/Sdk/ndk/22.1.7171670/toolchains/llvm/prebuilt/linux-x86_64/aarch64-linux-android/lib64;/home/xing/Android/Sdk/ndk/22.1.7171670/toolchains/llvm/prebuilt/linux-x86_64/sysroot/usr/lib/aarch64-linux-android/21;/home/xing/Android/Sdk/ndk/22.1.7171670/toolchains/llvm/prebuilt/linux-x86_64/sysroot/usr/lib/aarch64-linux-android;/home/xing/Android/Sdk/ndk/22.1.7171670/toolchains/llvm/prebuilt/linux-x86_64/aarch64-linux-android/lib;/home/xing/Android/Sdk/ndk/22.1.7171670/toolchains/llvm/prebuilt/linux-x86_64/sysroot/usr/lib]
  implicit fwks: []


Detecting CXX compiler ABI info compiled with the following output:
Change Dir: /home/xing/docs/spirosch/app/.cxx/cmake/debug/arm64-v8a/CMakeFiles/CMakeTmp

Run Build Command(s):/home/xing/Android/Sdk/cmake/3.18.1/bin/ninja cmTC_d845a && [1/2] Building CXX object CMakeFiles/cmTC_d845a.dir/CMakeCXXCompilerABI.cpp.o
Android (7155654, based on r399163b1) clang version 11.0.5 (https://android.googlesource.com/toolchain/llvm-project 87f1315dfbea7c137aa2e6d362dbb457e388158d)
Target: aarch64-none-linux-android21
Thread model: posix
InstalledDir: /home/xing/Android/Sdk/ndk/22.1.7171670/toolchains/llvm/prebuilt/linux-x86_64/bin
Found candidate GCC installation: /home/xing/Android/Sdk/ndk/22.1.7171670/toolchains/llvm/prebuilt/linux-x86_64/lib/gcc/aarch64-linux-android/4.9.x
Selected GCC installation: /home/xing/Android/Sdk/ndk/22.1.7171670/toolchains/llvm/prebuilt/linux-x86_64/lib/gcc/aarch64-linux-android/4.9.x
Candidate multilib: .;@m64
Selected multilib: .;@m64
 (in-process)
 "/home/xing/Android/Sdk/ndk/22.1.7171670/toolchains/llvm/prebuilt/linux-x86_64/bin/clang++" -cc1 -triple aarch64-none-linux-android21 -emit-obj -mrelax-all -mnoexecstack -disable-free -disable-llvm-verifier -discard-value-names -main-file-name CMakeCXXCompilerABI.cpp -mrelocation-model pic -pic-level 2 -pic-is-pie -mframe-pointer=non-leaf -fno-rounding-math -mconstructor-aliases -munwind-tables -target-cpu generic -target-feature +neon -target-abi aapcs -mllvm -aarch64-fix-cortex-a53-835769=1 -fallow-half-arguments-and-returns -fno-split-dwarf-inlining -debug-info-kind=limited -dwarf-version=4 -debugger-tuning=gdb -v -ffunction-sections -fdata-sections -resource-dir /home/xing/Android/Sdk/ndk/22.1.7171670/toolchains/llvm/prebuilt/linux-x86_64/lib64/clang/11.0.5 -dependency-file CMakeFiles/cmTC_d845a.dir/CMakeCXXCompilerABI.cpp.o.d -MT CMakeFiles/cmTC_d845a.dir/CMakeCXXCompilerABI.cpp.o -sys-header-deps -D ANDROID -D _FORTIFY_SOURCE=2 -isysroot /home/xing/Android/Sdk/ndk/22.1.7171670/toolchains/llvm/prebuilt/linux-x86_64/sysroot -internal-isystem /home/xing/Android/Sdk/ndk/22.1.7171670/toolchains/llvm/prebuilt/linux-x86_64/sysroot/usr/include/c++/v1 -internal-isystem /home/xing/Android/Sdk/ndk/22.1.7171670/toolchains/llvm/prebuilt/linux-x86_64/sysroot/usr/local/include -internal-isystem /home/xing/Android/Sdk/ndk/22.1.7171670/toolchains/llvm/prebuilt/linux-x86_64/lib64/clang/11.0.5/include -internal-externc-isystem /home/xing/Android/Sdk/ndk/22.1.7171670/toolchains/llvm/prebuilt/linux-x86_64/sysroot/usr/include/aarch64-linux-android -internal-externc-isystem /home/xing/Android/Sdk/ndk/22.1.7171670/toolchains/llvm/prebuilt/linux-x86_64/sysroot/include -internal-externc-isystem /home/xing/Android/Sdk/ndk/22.1.7171670/toolchains/llvm/prebuilt/linux-x86_64/sysroot/usr/include -Wformat -fdeprecated-macro -fdebug-compilation-dir /home/xing/docs/spirosch/app/.cxx/cmake/debug/arm64-v8a/CMakeFiles/CMakeTmp -ferror-limit 19 -stack-protector 2 -fno-signed-char -fgnuc-version=4.2.1 -fcxx-exceptions -fexceptions -o CMakeFiles/cmTC_d845a.dir/CMakeCXXCompilerABI.cpp.o -x c++ /home/xing/Android/Sdk/cmake/3.18.1/share/cmake-3.18/Modules/CMakeCXXCompilerABI.cpp
clang -cc1 version 11.0.5 based upon LLVM 11.0.5git default target x86_64-unknown-linux-gnu
ignoring nonexistent directory "/home/xing/Android/Sdk/ndk/22.1.7171670/toolchains/llvm/prebuilt/linux-x86_64/sysroot/include"
#include "..." search starts here:
#include <...> search starts here:
 /home/xing/Android/Sdk/ndk/22.1.7171670/toolchains/llvm/prebuilt/linux-x86_64/sysroot/usr/include/c++/v1
 /home/xing/Android/Sdk/ndk/22.1.7171670/toolchains/llvm/prebuilt/linux-x86_64/sysroot/usr/local/include
 /home/xing/Android/Sdk/ndk/22.1.7171670/toolchains/llvm/prebuilt/linux-x86_64/lib64/clang/11.0.5/include
 /home/xing/Android/Sdk/ndk/22.1.7171670/toolchains/llvm/prebuilt/linux-x86_64/sysroot/usr/include/aarch64-linux-android
 /home/xing/Android/Sdk/ndk/22.1.7171670/toolchains/llvm/prebuilt/linux-x86_64/sysroot/usr/include
End of search list.
[2/2] Linking CXX executable cmTC_d845a
Android (7155654, based on r399163b1) clang version 11.0.5 (https://android.googlesource.com/toolchain/llvm-project 87f1315dfbea7c137aa2e6d362dbb457e388158d)
Target: aarch64-none-linux-android21
Thread model: posix
InstalledDir: /home/xing/Android/Sdk/ndk/22.1.7171670/toolchains/llvm/prebuilt/linux-x86_64/bin
Found candidate GCC installation: /home/xing/Android/Sdk/ndk/22.1.7171670/toolchains/llvm/prebuilt/linux-x86_64/lib/gcc/aarch64-linux-android/4.9.x
Selected GCC installation: /home/xing/Android/Sdk/ndk/22.1.7171670/toolchains/llvm/prebuilt/linux-x86_64/lib/gcc/aarch64-linux-android/4.9.x
Candidate multilib: .;@m64
Selected multilib: .;@m64
 "/home/xing/Android/Sdk/ndk/22.1.7171670/toolchains/llvm/prebuilt/linux-x86_64/bin/ld" --sysroot=/home/xing/Android/Sdk/ndk/22.1.7171670/toolchains/llvm/prebuilt/linux-x86_64/sysroot -pie -z noexecstack -EL --fix-cortex-a53-843419 --warn-shared-textrel -z now -z relro -z max-page-size=4096 --hash-style=gnu --hash-style=both --enable-new-dtags --eh-frame-hdr -m aarch64linux -dynamic-linker /system/bin/linker64 -o cmTC_d845a /home/xing/Android/Sdk/ndk/22.1.7171670/toolchains/llvm/prebuilt/linux-x86_64/sysroot/usr/lib/aarch64-linux-android/21/crtbegin_dynamic.o -L/home/xing/Android/Sdk/ndk/22.1.7171670/toolchains/llvm/prebuilt/linux-x86_64/lib64/clang/11.0.5/lib/linux/aarch64 -L/home/xing/Android/Sdk/ndk/22.1.7171670/toolchains/llvm/prebuilt/linux-x86_64/lib/gcc/aarch64-linux-android/4.9.x -L/home/xing/Android/Sdk/ndk/22.1.7171670/toolchains/llvm/prebuilt/linux-x86_64/lib/gcc/aarch64-linux-android/4.9.x/../../../../aarch64-linux-android/lib/../lib64 -L/home/xing/Android/Sdk/ndk/22.1.7171670/toolchains/llvm/prebuilt/linux-x86_64/sysroot/usr/lib/aarch64-linux-android/21 -L/home/xing/Android/Sdk/ndk/22.1.7171670/toolchains/llvm/prebuilt/linux-x86_64/sysroot/usr/lib/aarch64-linux-android -L/home/xing/Android/Sdk/ndk/22.1.7171670/toolchains/llvm/prebuilt/linux-x86_64/lib/gcc/aarch64-linux-android/4.9.x/../../../../aarch64-linux-android/lib -L/home/xing/Android/Sdk/ndk/22.1.7171670/toolchains/llvm/prebuilt/linux-x86_64/sysroot/usr/lib --exclude-libs libgcc.a --exclude-libs libgcc_real.a --exclude-libs libatomic.a --build-id=sha1 --no-rosegment --fatal-warnings --no-undefined --gc-sections CMakeFiles/cmTC_d845a.dir/CMakeCXXCompilerABI.cpp.o -Bstatic -lc++ -Bdynamic -lm -lgcc -ldl -lc -lgcc -ldl /home/xing/Android/Sdk/ndk/22.1.7171670/toolchains/llvm/prebuilt/linux-x86_64/sysroot/usr/lib/aarch64-linux-android/21/crtend_android.o



Parsed CXX implicit include dir info from above output: rv=done
  found start of include info
  found start of implicit include info
    add: [/home/xing/Android/Sdk/ndk/22.1.7171670/toolchains/llvm/prebuilt/linux-x86_64/sysroot/usr/include/c++/v1]
    add: [/home/xing/Android/Sdk/ndk/22.1.7171670/toolchains/llvm/prebuilt/linux-x86_64/sysroot/usr/local/include]
    add: [/home/xing/Android/Sdk/ndk/22.1.7171670/toolchains/llvm/prebuilt/linux-x86_64/lib64/clang/11.0.5/include]
    add: [/home/xing/Android/Sdk/ndk/22.1.7171670/toolchains/llvm/prebuilt/linux-x86_64/sysroot/usr/include/aarch64-linux-android]
    add: [/home/xing/Android/Sdk/ndk/22.1.7171670/toolchains/llvm/prebuilt/linux-x86_64/sysroot/usr/include]
  end of search list found
  collapse include dir [/home/xing/Android/Sdk/ndk/22.1.7171670/toolchains/llvm/prebuilt/linux-x86_64/sysroot/usr/include/c++/v1] ==> [/home/xing/Android/Sdk/ndk/22.1.7171670/toolchains/llvm/prebuilt/linux-x86_64/sysroot/usr/include/c++/v1]
  collapse include dir [/home/xing/Android/Sdk/ndk/22.1.7171670/toolchains/llvm/prebuilt/linux-x86_64/sysroot/usr/local/include] ==> [/home/xing/Android/Sdk/ndk/22.1.7171670/toolchains/llvm/prebuilt/linux-x86_64/sysroot/usr/local/include]
  collapse include dir [/home/xing/Android/Sdk/ndk/22.1.7171670/toolchains/llvm/prebuilt/linux-x86_64/lib64/clang/11.0.5/include] ==> [/home/xing/Android/Sdk/ndk/22.1.7171670/toolchains/llvm/prebuilt/linux-x86_64/lib64/clang/11.0.5/include]
  collapse include dir [/home/xing/Android/Sdk/ndk/22.1.7171670/toolchains/llvm/prebuilt/linux-x86_64/sysroot/usr/include/aarch64-linux-android] ==> [/home/xing/Android/Sdk/ndk/22.1.7171670/toolchains/llvm/prebuilt/linux-x86_64/sysroot/usr/include/aarch64-linux-android]
  collapse include dir [/home/xing/Android/Sdk/ndk/22.1.7171670/toolchains/llvm/prebuilt/linux-x86_64/sysroot/usr/include] ==> [/home/xing/Android/Sdk/ndk/22.1.7171670/toolchains/llvm/prebuilt/linux-x86_64/sysroot/usr/include]
  implicit include dirs: [/home/xing/Android/Sdk/ndk/22.1.7171670/toolchains/llvm/prebuilt/linux-x86_64/sysroot/usr/include/c++/v1;/home/xing/Android/Sdk/ndk/22.1.7171670/toolchains/llvm/prebuilt/linux-x86_64/sysroot/usr/local/include;/home/xing/Android/Sdk/ndk/22.1.7171670/toolchains/llvm/prebuilt/linux-x86_64/lib64/clang/11.0.5/include;/home/xing/Android/Sdk/ndk/22.1.7171670/toolchains/llvm/prebuilt/linux-x86_64/sysroot/usr/include/aarch64-linux-android;/home/xing/Android/Sdk/ndk/22.1.7171670/toolchains/llvm/prebuilt/linux-x86_64/sysroot/usr/include]


Parsed CXX implicit link information from above output:
  link line regex: [^( *|.*[/\])(ld\.lld|CMAKE_LINK_STARTFILE-NOTFOUND|([^/\]+-)?ld|collect2)[^/\]*( |$)]
  ignore line: [Change Dir: /home/xing/docs/spirosch/app/.cxx/cmake/debug/arm64-v8a/CMakeFiles/CMakeTmp]
  ignore line: []
  ignore line: [Run Build Command(s):/home/xing/Android/Sdk/cmake/3.18.1/bin/ninja cmTC_d845a && [1/2] Building CXX object CMakeFiles/cmTC_d845a.dir/CMakeCXXCompilerABI.cpp.o]
  ignore line: [Android (7155654  based on r399163b1) clang version 11.0.5 (https://android.googlesource.com/toolchain/llvm-project 87f1315dfbea7c137aa2e6d362dbb457e388158d)]
  ignore line: [Target: aarch64-none-linux-android21]
  ignore line: [Thread model: posix]
  ignore line: [InstalledDir: /home/xing/Android/Sdk/ndk/22.1.7171670/toolchains/llvm/prebuilt/linux-x86_64/bin]
  ignore line: [Found candidate GCC installation: /home/xing/Android/Sdk/ndk/22.1.7171670/toolchains/llvm/prebuilt/linux-x86_64/lib/gcc/aarch64-linux-android/4.9.x]
  ignore line: [Selected GCC installation: /home/xing/Android/Sdk/ndk/22.1.7171670/toolchains/llvm/prebuilt/linux-x86_64/lib/gcc/aarch64-linux-android/4.9.x]
  ignore line: [Candidate multilib: .]
  ignore line: [@m64]
  ignore line: [Selected multilib: .]
  ignore line: [@m64]
  ignore line: [ (in-process)]
  ignore line: [ "/home/xing/Android/Sdk/ndk/22.1.7171670/toolchains/llvm/prebuilt/linux-x86_64/bin/clang++" -cc1 -triple aarch64-none-linux-android21 -emit-obj -mrelax-all -mnoexecstack -disable-free -disable-llvm-verifier -discard-value-names -main-file-name CMakeCXXCompilerABI.cpp -mrelocation-model pic -pic-level 2 -pic-is-pie -mframe-pointer=non-leaf -fno-rounding-math -mconstructor-aliases -munwind-tables -target-cpu generic -target-feature +neon -target-abi aapcs -mllvm -aarch64-fix-cortex-a53-835769=1 -fallow-half-arguments-and-returns -fno-split-dwarf-inlining -debug-info-kind=limited -dwarf-version=4 -debugger-tuning=gdb -v -ffunction-sections -fdata-sections -resource-dir /home/xing/Android/Sdk/ndk/22.1.7171670/toolchains/llvm/prebuilt/linux-x86_64/lib64/clang/11.0.5 -dependency-file CMakeFiles/cmTC_d845a.dir/CMakeCXXCompilerABI.cpp.o.d -MT CMakeFiles/cmTC_d845a.dir/CMakeCXXCompilerABI.cpp.o -sys-header-deps -D ANDROID -D _FORTIFY_SOURCE=2 -isysroot /home/xing/Android/Sdk/ndk/22.1.7171670/toolchains/llvm/prebuilt/linux-x86_64/sysroot -internal-isystem /home/xing/Android/Sdk/ndk/22.1.7171670/toolchains/llvm/prebuilt/linux-x86_64/sysroot/usr/include/c++/v1 -internal-isystem /home/xing/Android/Sdk/ndk/22.1.7171670/toolchains/llvm/prebuilt/linux-x86_64/sysroot/usr/local/include -internal-isystem /home/xing/Android/Sdk/ndk/22.1.7171670/toolchains/llvm/prebuilt/linux-x86_64/lib64/clang/11.0.5/include -internal-externc-isystem /home/xing/Android/Sdk/ndk/22.1.7171670/toolchains/llvm/prebuilt/linux-x86_64/sysroot/usr/include/aarch64-linux-android -internal-externc-isystem /home/xing/Android/Sdk/ndk/22.1.7171670/toolchains/llvm/prebuilt/linux-x86_64/sysroot/include -internal-externc-isystem /home/xing/Android/Sdk/ndk/22.1.7171670/toolchains/llvm/prebuilt/linux-x86_64/sysroot/usr/include -Wformat -fdeprecated-macro -fdebug-compilation-dir /home/xing/docs/spirosch/app/.cxx/cmake/debug/arm64-v8a/CMakeFiles/CMakeTmp -ferror-limit 19 -stack-protector 2 -fno-signed-char -fgnuc-version=4.2.1 -fcxx-exceptions -fexceptions -o CMakeFiles/cmTC_d845a.dir/CMakeCXXCompilerABI.cpp.o -x c++ /home/xing/Android/Sdk/cmake/3.18.1/share/cmake-3.18/Modules/CMakeCXXCompilerABI.cpp]
  ignore line: [clang -cc1 version 11.0.5 based upon LLVM 11.0.5git default target x86_64-unknown-linux-gnu]
  ignore line: [ignoring nonexistent directory "/home/xing/Android/Sdk/ndk/22.1.7171670/toolchains/llvm/prebuilt/linux-x86_64/sysroot/include"]
  ignore line: [#include "..." search starts here:]
  ignore line: [#include <...> search starts here:]
  ignore line: [ /home/xing/Android/Sdk/ndk/22.1.7171670/toolchains/llvm/prebuilt/linux-x86_64/sysroot/usr/include/c++/v1]
  ignore line: [ /home/xing/Android/Sdk/ndk/22.1.7171670/toolchains/llvm/prebuilt/linux-x86_64/sysroot/usr/local/include]
  ignore line: [ /home/xing/Android/Sdk/ndk/22.1.7171670/toolchains/llvm/prebuilt/linux-x86_64/lib64/clang/11.0.5/include]
  ignore line: [ /home/xing/Android/Sdk/ndk/22.1.7171670/toolchains/llvm/prebuilt/linux-x86_64/sysroot/usr/include/aarch64-linux-android]
  ignore line: [ /home/xing/Android/Sdk/ndk/22.1.7171670/toolchains/llvm/prebuilt/linux-x86_64/sysroot/usr/include]
  ignore line: [End of search list.]
  ignore line: [[2/2] Linking CXX executable cmTC_d845a]
  ignore line: [Android (7155654  based on r399163b1) clang version 11.0.5 (https://android.googlesource.com/toolchain/llvm-project 87f1315dfbea7c137aa2e6d362dbb457e388158d)]
  ignore line: [Target: aarch64-none-linux-android21]
  ignore line: [Thread model: posix]
  ignore line: [InstalledDir: /home/xing/Android/Sdk/ndk/22.1.7171670/toolchains/llvm/prebuilt/linux-x86_64/bin]
  ignore line: [Found candidate GCC installation: /home/xing/Android/Sdk/ndk/22.1.7171670/toolchains/llvm/prebuilt/linux-x86_64/lib/gcc/aarch64-linux-android/4.9.x]
  ignore line: [Selected GCC installation: /home/xing/Android/Sdk/ndk/22.1.7171670/toolchains/llvm/prebuilt/linux-x86_64/lib/gcc/aarch64-linux-android/4.9.x]
  ignore line: [Candidate multilib: .]
  ignore line: [@m64]
  ignore line: [Selected multilib: .]
  ignore line: [@m64]
  link line: [ "/home/xing/Android/Sdk/ndk/22.1.7171670/toolchains/llvm/prebuilt/linux-x86_64/bin/ld" --sysroot=/home/xing/Android/Sdk/ndk/22.1.7171670/toolchains/llvm/prebuilt/linux-x86_64/sysroot -pie -z noexecstack -EL --fix-cortex-a53-843419 --warn-shared-textrel -z now -z relro -z max-page-size=4096 --hash-style=gnu --hash-style=both --enable-new-dtags --eh-frame-hdr -m aarch64linux -dynamic-linker /system/bin/linker64 -o cmTC_d845a /home/xing/Android/Sdk/ndk/22.1.7171670/toolchains/llvm/prebuilt/linux-x86_64/sysroot/usr/lib/aarch64-linux-android/21/crtbegin_dynamic.o -L/home/xing/Android/Sdk/ndk/22.1.7171670/toolchains/llvm/prebuilt/linux-x86_64/lib64/clang/11.0.5/lib/linux/aarch64 -L/home/xing/Android/Sdk/ndk/22.1.7171670/toolchains/llvm/prebuilt/linux-x86_64/lib/gcc/aarch64-linux-android/4.9.x -L/home/xing/Android/Sdk/ndk/22.1.7171670/toolchains/llvm/prebuilt/linux-x86_64/lib/gcc/aarch64-linux-android/4.9.x/../../../../aarch64-linux-android/lib/../lib64 -L/home/xing/Android/Sdk/ndk/22.1.7171670/toolchains/llvm/prebuilt/linux-x86_64/sysroot/usr/lib/aarch64-linux-android/21 -L/home/xing/Android/Sdk/ndk/22.1.7171670/toolchains/llvm/prebuilt/linux-x86_64/sysroot/usr/lib/aarch64-linux-android -L/home/xing/Android/Sdk/ndk/22.1.7171670/toolchains/llvm/prebuilt/linux-x86_64/lib/gcc/aarch64-linux-android/4.9.x/../../../../aarch64-linux-android/lib -L/home/xing/Android/Sdk/ndk/22.1.7171670/toolchains/llvm/prebuilt/linux-x86_64/sysroot/usr/lib --exclude-libs libgcc.a --exclude-libs libgcc_real.a --exclude-libs libatomic.a --build-id=sha1 --no-rosegment --fatal-warnings --no-undefined --gc-sections CMakeFiles/cmTC_d845a.dir/CMakeCXXCompilerABI.cpp.o -Bstatic -lc++ -Bdynamic -lm -lgcc -ldl -lc -lgcc -ldl /home/xing/Android/Sdk/ndk/22.1.7171670/toolchains/llvm/prebuilt/linux-x86_64/sysroot/usr/lib/aarch64-linux-android/21/crtend_android.o]
    arg [/home/xing/Android/Sdk/ndk/22.1.7171670/toolchains/llvm/prebuilt/linux-x86_64/bin/ld] ==> ignore
    arg [--sysroot=/home/xing/Android/Sdk/ndk/22.1.7171670/toolchains/llvm/prebuilt/linux-x86_64/sysroot] ==> ignore
    arg [-pie] ==> ignore
    arg [-znoexecstack] ==> ignore
    arg [-EL] ==> ignore
    arg [--fix-cortex-a53-843419] ==> ignore
    arg [--warn-shared-textrel] ==> ignore
    arg [-znow] ==> ignore
    arg [-zrelro] ==> ignore
    arg [-zmax-page-size=4096] ==> ignore
    arg [--hash-style=gnu] ==> ignore
    arg [--hash-style=both] ==> ignore
    arg [--enable-new-dtags] ==> ignore
    arg [--eh-frame-hdr] ==> ignore
    arg [-m] ==> ignore
    arg [aarch64linux] ==> ignore
    arg [-dynamic-linker] ==> ignore
    arg [/system/bin/linker64] ==> ignore
    arg [-o] ==> ignore
    arg [cmTC_d845a] ==> ignore
    arg [/home/xing/Android/Sdk/ndk/22.1.7171670/toolchains/llvm/prebuilt/linux-x86_64/sysroot/usr/lib/aarch64-linux-android/21/crtbegin_dynamic.o] ==> ignore
    arg [-L/home/xing/Android/Sdk/ndk/22.1.7171670/toolchains/llvm/prebuilt/linux-x86_64/lib64/clang/11.0.5/lib/linux/aarch64] ==> dir [/home/xing/Android/Sdk/ndk/22.1.7171670/toolchains/llvm/prebuilt/linux-x86_64/lib64/clang/11.0.5/lib/linux/aarch64]
    arg [-L/home/xing/Android/Sdk/ndk/22.1.7171670/toolchains/llvm/prebuilt/linux-x86_64/lib/gcc/aarch64-linux-android/4.9.x] ==> dir [/home/xing/Android/Sdk/ndk/22.1.7171670/toolchains/llvm/prebuilt/linux-x86_64/lib/gcc/aarch64-linux-android/4.9.x]
    arg [-L/home/xing/Android/Sdk/ndk/22.1.7171670/toolchains/llvm/prebuilt/linux-x86_64/lib/gcc/aarch64-linux-android/4.9.x/../../../../aarch64-linux-android/lib/../lib64] ==> dir [/home/xing/Android/Sdk/ndk/22.1.7171670/toolchains/llvm/prebuilt/linux-x86_64/lib/gcc/aarch64-linux-android/4.9.x/../../../../aarch64-linux-android/lib/../lib64]
    arg [-L/home/xing/Android/Sdk/ndk/22.1.7171670/toolchains/llvm/prebuilt/linux-x86_64/sysroot/usr/lib/aarch64-linux-android/21] ==> dir [/home/xing/Android/Sdk/ndk/22.1.7171670/toolchains/llvm/prebuilt/linux-x86_64/sysroot/usr/lib/aarch64-linux-android/21]
    arg [-L/home/xing/Android/Sdk/ndk/22.1.7171670/toolchains/llvm/prebuilt/linux-x86_64/sysroot/usr/lib/aarch64-linux-android] ==> dir [/home/xing/Android/Sdk/ndk/22.1.7171670/toolchains/llvm/prebuilt/linux-x86_64/sysroot/usr/lib/aarch64-linux-android]
    arg [-L/home/xing/Android/Sdk/ndk/22.1.7171670/toolchains/llvm/prebuilt/linux-x86_64/lib/gcc/aarch64-linux-android/4.9.x/../../../../aarch64-linux-android/lib] ==> dir [/home/xing/Android/Sdk/ndk/22.1.7171670/toolchains/llvm/prebuilt/linux-x86_64/lib/gcc/aarch64-linux-android/4.9.x/../../../../aarch64-linux-android/lib]
    arg [-L/home/xing/Android/Sdk/ndk/22.1.7171670/toolchains/llvm/prebuilt/linux-x86_64/sysroot/usr/lib] ==> dir [/home/xing/Android/Sdk/ndk/22.1.7171670/toolchains/llvm/prebuilt/linux-x86_64/sysroot/usr/lib]
    arg [--exclude-libs] ==> ignore
    arg [libgcc.a] ==> ignore
    arg [--exclude-libs] ==> ignore
    arg [libgcc_real.a] ==> ignore
    arg [--exclude-libs] ==> ignore
    arg [libatomic.a] ==> ignore
    arg [--build-id=sha1] ==> ignore
    arg [--no-rosegment] ==> ignore
    arg [--fatal-warnings] ==> ignore
    arg [--no-undefined] ==> ignore
    arg [--gc-sections] ==> ignore
    arg [CMakeFiles/cmTC_d845a.dir/CMakeCXXCompilerABI.cpp.o] ==> ignore
    arg [-Bstatic] ==> ignore
    arg [-lc++] ==> lib [c++]
    arg [-Bdynamic] ==> ignore
    arg [-lm] ==> lib [m]
    arg [-lgcc] ==> lib [gcc]
    arg [-ldl] ==> lib [dl]
    arg [-lc] ==> lib [c]
    arg [-lgcc] ==> lib [gcc]
    arg [-ldl] ==> lib [dl]
    arg [/home/xing/Android/Sdk/ndk/22.1.7171670/toolchains/llvm/prebuilt/linux-x86_64/sysroot/usr/lib/aarch64-linux-android/21/crtend_android.o] ==> ignore
  collapse library dir [/home/xing/Android/Sdk/ndk/22.1.7171670/toolchains/llvm/prebuilt/linux-x86_64/lib64/clang/11.0.5/lib/linux/aarch64] ==> [/home/xing/Android/Sdk/ndk/22.1.7171670/toolchains/llvm/prebuilt/linux-x86_64/lib64/clang/11.0.5/lib/linux/aarch64]
  collapse library dir [/home/xing/Android/Sdk/ndk/22.1.7171670/toolchains/llvm/prebuilt/linux-x86_64/lib/gcc/aarch64-linux-android/4.9.x] ==> [/home/xing/Android/Sdk/ndk/22.1.7171670/toolchains/llvm/prebuilt/linux-x86_64/lib/gcc/aarch64-linux-android/4.9.x]
  collapse library dir [/home/xing/Android/Sdk/ndk/22.1.7171670/toolchains/llvm/prebuilt/linux-x86_64/lib/gcc/aarch64-linux-android/4.9.x/../../../../aarch64-linux-android/lib/../lib64] ==> [/home/xing/Android/Sdk/ndk/22.1.7171670/toolchains/llvm/prebuilt/linux-x86_64/aarch64-linux-android/lib64]
  collapse library dir [/home/xing/Android/Sdk/ndk/22.1.7171670/toolchains/llvm/prebuilt/linux-x86_64/sysroot/usr/lib/aarch64-linux-android/21] ==> [/home/xing/Android/Sdk/ndk/22.1.7171670/toolchains/llvm/prebuilt/linux-x86_64/sysroot/usr/lib/aarch64-linux-android/21]
  collapse library dir [/home/xing/Android/Sdk/ndk/22.1.7171670/toolchains/llvm/prebuilt/linux-x86_64/sysroot/usr/lib/aarch64-linux-android] ==> [/home/xing/Android/Sdk/ndk/22.1.7171670/toolchains/llvm/prebuilt/linux-x86_64/sysroot/usr/lib/aarch64-linux-android]
  collapse library dir [/home/xing/Android/Sdk/ndk/22.1.7171670/toolchains/llvm/prebuilt/linux-x86_64/lib/gcc/aarch64-linux-android/4.9.x/../../../../aarch64-linux-android/lib] ==> [/home/xing/Android/Sdk/ndk/22.1.7171670/toolchains/llvm/prebuilt/linux-x86_64/aarch64-linux-android/lib]
  collapse library dir [/home/xing/Android/Sdk/ndk/22.1.7171670/toolchains/llvm/prebuilt/linux-x86_64/sysroot/usr/lib] ==> [/home/xing/Android/Sdk/ndk/22.1.7171670/toolchains/llvm/prebuilt/linux-x86_64/sysroot/usr/lib]
  implicit libs: [c++;m;gcc;dl;c;gcc;dl]
  implicit dirs: [/home/xing/Android/Sdk/ndk/22.1.7171670/toolchains/llvm/prebuilt/linux-x86_64/lib64/clang/11.0.5/lib/linux/aarch64;/home/xing/Android/Sdk/ndk/22.1.7171670/toolchains/llvm/prebuilt/linux-x86_64/lib/gcc/aarch64-linux-android/4.9.x;/home/xing/Android/Sdk/ndk/22.1.7171670/toolchains/llvm/prebuilt/linux-x86_64/aarch64-linux-android/lib64;/home/xing/Android/Sdk/ndk/22.1.7171670/toolchains/llvm/prebuilt/linux-x86_64/sysroot/usr/lib/aarch64-linux-android/21;/home/xing/Android/Sdk/ndk/22.1.7171670/toolchains/llvm/prebuilt/linux-x86_64/sysroot/usr/lib/aarch64-linux-android;/home/xing/Android/Sdk/ndk/22.1.7171670/toolchains/llvm/prebuilt/linux-x86_64/aarch64-linux-android/lib;/home/xing/Android/Sdk/ndk/22.1.7171670/toolchains/llvm/prebuilt/linux-x86_64/sysroot/usr/lib]
  implicit fwks: []


